# JRE version: Java(TM) SE Runtime Environment (8.0_241-b07) (build 1.8.0_241-b07)
# Java VM: Java HotSpot(TM) 64-Bit Server VM (25.241-b07 mixed mode windows-amd64 compressed oops)
Heap:
 PSYoungGen      total 274432K, used 11529K [0x00000000e0600000, 0x00000000f6900000, 0x0000000100000000)
  eden space 272896K, 3% used [0x00000000e0600000,0x00000000e1026638,0x00000000f1080000)
  from space 1536K, 73% used [0x00000000f6780000,0x00000000f689c130,0x00000000f6900000)
  to   space 17920K, 0% used [0x00000000f4600000,0x00000000f4600000,0x00000000f5780000)
 ParOldGen       total 94720K, used 27959K [0x00000000a1200000, 0x00000000a6e80000, 0x00000000e0600000)
  object space 94720K, 29% used [0x00000000a1200000,0x00000000a2d4dda8,0x00000000a6e80000)
 Metaspace       used 57704K, capacity 61096K, committed 61204K, reserved 1101824K
  class space    used 8027K, capacity 8625K, committed 8724K, reserved 1048576K
GC Heap History (10 events):
Event: 65.995 GC heap before
{Heap before GC invocations=13 (full 2):
 PSYoungGen      total 241664K, used 134351K [0x00000000e0600000, 0x00000000f1c00000, 0x0000000100000000)
  eden space 227840K, 52% used [0x00000000e0600000,0x00000000e7bb5338,0x00000000ee480000)
  from space 13824K, 99% used [0x00000000ef700000,0x00000000f047e960,0x00000000f0480000)
  to   space 18944K, 0% used [0x00000000ee480000,0x00000000ee480000,0x00000000ef700000)
 ParOldGen       total 66560K, used 26014K [0x00000000a1200000, 0x00000000a5300000, 0x00000000e0600000)
  object space 66560K, 39% used [0x00000000a1200000,0x00000000a2b67910,0x00000000a5300000)
 Metaspace       used 55653K, capacity 58924K, committed 59028K, reserved 1099776K
  class space    used 7731K, capacity 8299K, committed 8340K, reserved 1048576K
Event: 66.050 GC heap after
Heap after GC invocations=13 (full 2):
 PSYoungGen      total 246784K, used 7912K [0x00000000e0600000, 0x00000000f4180000, 0x0000000100000000)
  eden space 227840K, 0% used [0x00000000e0600000,0x00000000e0600000,0x00000000ee480000)
  from space 18944K, 41% used [0x00000000ee480000,0x00000000eec3a178,0x00000000ef700000)
  to   space 17920K, 0% used [0x00000000f3000000,0x00000000f3000000,0x00000000f4180000)
 ParOldGen       total 66560K, used 34582K [0x00000000a1200000, 0x00000000a5300000, 0x00000000e0600000)
  object space 66560K, 51% used [0x00000000a1200000,0x00000000a33c5b70,0x00000000a5300000)
 Metaspace       used 55653K, capacity 58924K, committed 59028K, reserved 1099776K
  class space    used 7731K, capacity 8299K, committed 8340K, reserved 1048576K
}
Event: 66.050 GC heap before
{Heap before GC invocations=14 (full 3):
 PSYoungGen      total 246784K, used 7912K [0x00000000e0600000, 0x00000000f4180000, 0x0000000100000000)
  eden space 227840K, 0% used [0x00000000e0600000,0x00000000e0600000,0x00000000ee480000)
  from space 18944K, 41% used [0x00000000ee480000,0x00000000eec3a178,0x00000000ef700000)
  to   space 17920K, 0% used [0x00000000f3000000,0x00000000f3000000,0x00000000f4180000)
 ParOldGen       total 66560K, used 34582K [0x00000000a1200000, 0x00000000a5300000, 0x00000000e0600000)
  object space 66560K, 51% used [0x00000000a1200000,0x00000000a33c5b70,0x00000000a5300000)
 Metaspace       used 55653K, capacity 58924K, committed 59028K, reserved 1099776K
  class space    used 7731K, capacity 8299K, committed 8340K, reserved 1048576K
Event: 66.554 GC heap after
Heap after GC invocations=14 (full 3):
 PSYoungGen      total 246784K, used 0K [0x00000000e0600000, 0x00000000f4180000, 0x0000000100000000)
  eden space 227840K, 0% used [0x00000000e0600000,0x00000000e0600000,0x00000000ee480000)
  from space 18944K, 0% used [0x00000000ee480000,0x00000000ee480000,0x00000000ef700000)
  to   space 17920K, 0% used [0x00000000f3000000,0x00000000f3000000,0x00000000f4180000)
 ParOldGen       total 94720K, used 27943K [0x00000000a1200000, 0x00000000a6e80000, 0x00000000e0600000)
  object space 94720K, 29% used [0x00000000a1200000,0x00000000a2d49da8,0x00000000a6e80000)
 Metaspace       used 55641K, capacity 58906K, committed 59028K, reserved 1099776K
  class space    used 7729K, capacity 8296K, committed 8340K, reserved 1048576K
}
Event: 986.888 GC heap before
{Heap before GC invocations=15 (full 3):
 PSYoungGen      total 246784K, used 227840K [0x00000000e0600000, 0x00000000f4180000, 0x0000000100000000)
  eden space 227840K, 100% used [0x00000000e0600000,0x00000000ee480000,0x00000000ee480000)
  from space 18944K, 0% used [0x00000000ee480000,0x00000000ee480000,0x00000000ef700000)
  to   space 17920K, 0% used [0x00000000f3000000,0x00000000f3000000,0x00000000f4180000)
 ParOldGen       total 94720K, used 27943K [0x00000000a1200000, 0x00000000a6e80000, 0x00000000e0600000)
  object space 94720K, 29% used [0x00000000a1200000,0x00000000a2d49da8,0x00000000a6e80000)
 Metaspace       used 57643K, capacity 61070K, committed 61204K, reserved 1101824K
  class space    used 8019K, capacity 8618K, committed 8724K, reserved 1048576K
Event: 986.908 GC heap after
Heap after GC invocations=15 (full 3):
 PSYoungGen      total 300032K, used 2363K [0x00000000e0600000, 0x00000000f3f00000, 0x0000000100000000)
  eden space 284672K, 0% used [0x00000000e0600000,0x00000000e0600000,0x00000000f1c00000)
  from space 15360K, 15% used [0x00000000f3000000,0x00000000f324ef68,0x00000000f3f00000)
  to   space 17920K, 0% used [0x00000000f1c00000,0x00000000f1c00000,0x00000000f2d80000)
 ParOldGen       total 94720K, used 27951K [0x00000000a1200000, 0x00000000a6e80000, 0x00000000e0600000)
  object space 94720K, 29% used [0x00000000a1200000,0x00000000a2d4bda8,0x00000000a6e80000)
 Metaspace       used 57643K, capacity 61070K, committed 61204K, reserved 1101824K
  class space    used 8019K, capacity 8618K, committed 8724K, reserved 1048576K
}
Event: 2242.434 GC heap before
{Heap before GC invocations=16 (full 3):
 PSYoungGen      total 300032K, used 287035K [0x00000000e0600000, 0x00000000f3f00000, 0x0000000100000000)
  eden space 284672K, 100% used [0x00000000e0600000,0x00000000f1c00000,0x00000000f1c00000)
  from space 15360K, 15% used [0x00000000f3000000,0x00000000f324ef68,0x00000000f3f00000)
  to   space 17920K, 0% used [0x00000000f1c00000,0x00000000f1c00000,0x00000000f2d80000)
 ParOldGen       total 94720K, used 27951K [0x00000000a1200000, 0x00000000a6e80000, 0x00000000e0600000)
  object space 94720K, 29% used [0x00000000a1200000,0x00000000a2d4bda8,0x00000000a6e80000)
 Metaspace       used 57691K, capacity 61096K, committed 61204K, reserved 1101824K
  class space    used 8025K, capacity 8625K, committed 8724K, reserved 1048576K
Event: 2242.441 GC heap after
Heap after GC invocations=16 (full 3):
 PSYoungGen      total 302592K, used 1200K [0x00000000e0600000, 0x00000000f7900000, 0x0000000100000000)
  eden space 284672K, 0% used [0x00000000e0600000,0x00000000e0600000,0x00000000f1c00000)
  from space 17920K, 6% used [0x00000000f1c00000,0x00000000f1d2c110,0x00000000f2d80000)
  to   space 17920K, 0% used [0x00000000f6780000,0x00000000f6780000,0x00000000f7900000)
 ParOldGen       total 94720K, used 27959K [0x00000000a1200000, 0x00000000a6e80000, 0x00000000e0600000)
  object space 94720K, 29% used [0x00000000a1200000,0x00000000a2d4dda8,0x00000000a6e80000)
 Metaspace       used 57691K, capacity 61096K, committed 61204K, reserved 1101824K
  class space    used 8025K, capacity 8625K, committed 8724K, reserved 1048576K
}
Event: 3519.108 GC heap before
{Heap before GC invocations=17 (full 3):
 PSYoungGen      total 302592K, used 285872K [0x00000000e0600000, 0x00000000f7900000, 0x0000000100000000)
  eden space 284672K, 100% used [0x00000000e0600000,0x00000000f1c00000,0x00000000f1c00000)
  from space 17920K, 6% used [0x00000000f1c00000,0x00000000f1d2c110,0x00000000f2d80000)
  to   space 17920K, 0% used [0x00000000f6780000,0x00000000f6780000,0x00000000f7900000)
 ParOldGen       total 94720K, used 27959K [0x00000000a1200000, 0x00000000a6e80000, 0x00000000e0600000)
  object space 94720K, 29% used [0x00000000a1200000,0x00000000a2d4dda8,0x00000000a6e80000)
 Metaspace       used 57691K, capacity 61096K, committed 61204K, reserved 1101824K
  class space    used 8025K, capacity 8625K, committed 8724K, reserved 1048576K
Event: 3519.113 GC heap after
Heap after GC invocations=17 (full 3):
 PSYoungGen      total 274432K, used 1136K [0x00000000e0600000, 0x00000000f6900000, 0x0000000100000000)
  eden space 272896K, 0% used [0x00000000e0600000,0x00000000e0600000,0x00000000f1080000)
  from space 1536K, 73% used [0x00000000f6780000,0x00000000f689c130,0x00000000f6900000)
  to   space 17920K, 0% used [0x00000000f4600000,0x00000000f4600000,0x00000000f5780000)
 ParOldGen       total 94720K, used 27959K [0x00000000a1200000, 0x00000000a6e80000, 0x00000000e0600000)
  object space 94720K, 29% used [0x00000000a1200000,0x00000000a2d4dda8,0x00000000a6e80000)
 Metaspace       used 57691K, capacity 61096K, committed 61204K, reserved 1101824K
  class space    used 8025K, capacity 8625K, committed 8724K, reserved 1048576K
}

